<?xml version="1.0" encoding="UTF-8"?>
<testsuite name="com.jiayang.prolet.test.ConfigTest" tests="1" skipped="0" failures="0" errors="0" timestamp="2018-09-22T13:08:11" hostname="Lenovo-Y430P" time="0.193">
  <properties/>
  <testcase name="ConfigInit" classname="com.jiayang.prolet.test.ConfigTest" time="0.193"/>
  <system-out><![CDATA[178  [Test worker] ERROR com.jiayang.prolet.test.ConfigTest - 测试错误 
]]></system-out>
  <system-err><![CDATA[SLF4J: Class path contains multiple SLF4J bindings.
SLF4J: Found binding in [jar:file:/home/jiayang/1TBDisk/liferay-libs/util-extends/build/libs/util-extends.jar!/org/slf4j/impl/StaticLoggerBinder.class]
SLF4J: Found binding in [jar:file:/home/jiayang/1TBDisk/gradleRepository/caches/modules-2/files-2.1/org.apache.logging.log4j/log4j-slf4j-impl/2.11.0/9ba207b78e470fe7765ebee14f1f0336c9cbcc18/log4j-slf4j-impl-2.11.0.jar!/org/slf4j/impl/StaticLoggerBinder.class]
SLF4J: Found binding in [jar:file:/home/jiayang/1TBDisk/gradleRepository/caches/modules-2/files-2.1/ch.qos.logback/logback-classic/1.2.3/7c4f3c474fb2c041d8028740440937705ebb473a/logback-classic-1.2.3.jar!/org/slf4j/impl/StaticLoggerBinder.class]
SLF4J: See http://www.slf4j.org/codes.html#multiple_bindings for an explanation.
SLF4J: Actual binding is of type [ch.qos.logback.classic.util.ContextSelectorStaticBinder]
]]></system-err>
</testsuite>
